Info: Starting: Create block symbol file (.bsf)
Info: qsys-generate U:\ECE385\lab8\lab8_soc.qsys --block-symbol-file --output-directory=U:\ECE385\lab8\synthesis --family="Cyclone IV E" --part=EP4CE115F29C7
Progress: Loading lab8/lab8_soc.qsys
Progress: Reading input file
Progress: Adding Accumulate [altera_avalon_pio 15.0]
Progress: Parameterizing module Accumulate
Progress: Adding Clear [altera_avalon_pio 15.0]
Progress: Parameterizing module Clear
Progress: Adding Switch [altera_avalon_pio 15.0]
Progress: Parameterizing module Switch
Progress: Adding address [altera_avalon_pio 15.0]
Progress: Parameterizing module address
Progress: Adding chip_select [altera_avalon_pio 15.0]
Progress: Parameterizing module chip_select
Progress: Adding clk_0 [clock_source 15.0]
Progress: Parameterizing module clk_0
Progress: Adding data [altera_avalon_pio 15.0]
Progress: Parameterizing module data
Progress: Adding jtag_uart_0 [altera_avalon_jtag_uart 15.0]
Progress: Parameterizing module jtag_uart_0
Progress: Adding key_code [altera_avalon_pio 15.0]
Progress: Parameterizing module key_code
Progress: Adding led [altera_avalon_pio 15.0]
Progress: Parameterizing module led
Progress: Adding nios2_qsys_0 [altera_nios2_gen2 15.0]
Progress: Parameterizing module nios2_qsys_0
Progress: Adding onchip_memory2_0 [altera_avalon_onchip_memory2 15.0]
Progress: Parameterizing module onchip_memory2_0
Progress: Adding read [altera_avalon_pio 15.0]
Progress: Parameterizing module read
Progress: Adding sdram [altera_avalon_new_sdram_controller 15.0]
Progress: Parameterizing module sdram
Progress: Adding sdram_pll [altpll 15.0]
Progress: Parameterizing module sdram_pll
Progress: Adding sysid_qsys_0 [altera_avalon_sysid_qsys 15.0]
Progress: Parameterizing module sysid_qsys_0
Progress: Adding write [altera_avalon_pio 15.0]
Progress: Parameterizing module write
Progress: Building connections
Progress: Parameterizing connections
Progress: Validating
Progress: Done reading input file
Info: lab8_soc.data: PIO inputs are not hardwired in test bench. Undefined values will be read from PIO inputs during simulation.
Info: lab8_soc.sysid_qsys_0: System ID is not assigned automatically. Edit the System ID parameter to provide a unique ID
Info: lab8_soc.sysid_qsys_0: Time stamp will be automatically updated when this component is generated.
Warning: lab8_soc.sdram_pll: sdram_pll.areset_conduit must be exported, or connected to a matching conduit.
Warning: lab8_soc.sdram_pll: sdram_pll.locked_conduit must be exported, or connected to a matching conduit.
Warning: lab8_soc.sdram_pll: sdram_pll.phasedone_conduit must be exported, or connected to a matching conduit.
Info: ip-generate succeeded.
Info: Finished: Create block symbol file (.bsf)
Info: 
Info: Starting: Create HDL design files for synthesis
Info: qsys-generate U:\ECE385\lab8\lab8_soc.qsys --synthesis=VERILOG --output-directory=U:\ECE385\lab8\synthesis\synthesis --family="Cyclone IV E" --part=EP4CE115F29C7
Progress: Loading lab8/lab8_soc.qsys
Progress: Reading input file
Progress: Adding Accumulate [altera_avalon_pio 15.0]
Progress: Parameterizing module Accumulate
Progress: Adding Clear [altera_avalon_pio 15.0]
Progress: Parameterizing module Clear
Progress: Adding Switch [altera_avalon_pio 15.0]
Progress: Parameterizing module Switch
Progress: Adding address [altera_avalon_pio 15.0]
Progress: Parameterizing module address
Progress: Adding chip_select [altera_avalon_pio 15.0]
Progress: Parameterizing module chip_select
Progress: Adding clk_0 [clock_source 15.0]
Progress: Parameterizing module clk_0
Progress: Adding data [altera_avalon_pio 15.0]
Progress: Parameterizing module data
Progress: Adding jtag_uart_0 [altera_avalon_jtag_uart 15.0]
Progress: Parameterizing module jtag_uart_0
Progress: Adding key_code [altera_avalon_pio 15.0]
Progress: Parameterizing module key_code
Progress: Adding led [altera_avalon_pio 15.0]
Progress: Parameterizing module led
Progress: Adding nios2_qsys_0 [altera_nios2_gen2 15.0]
Progress: Parameterizing module nios2_qsys_0
Progress: Adding onchip_memory2_0 [altera_avalon_onchip_memory2 15.0]
Progress: Parameterizing module onchip_memory2_0
Progress: Adding read [altera_avalon_pio 15.0]
Progress: Parameterizing module read
Progress: Adding sdram [altera_avalon_new_sdram_controller 15.0]
Progress: Parameterizing module sdram
Progress: Adding sdram_pll [altpll 15.0]
Progress: Parameterizing module sdram_pll
Progress: Adding sysid_qsys_0 [altera_avalon_sysid_qsys 15.0]
Progress: Parameterizing module sysid_qsys_0
Progress: Adding write [altera_avalon_pio 15.0]
Progress: Parameterizing module write
Progress: Building connections
Progress: Parameterizing connections
Progress: Validating
Progress: Done reading input file
Info: lab8_soc.data: PIO inputs are not hardwired in test bench. Undefined values will be read from PIO inputs during simulation.
Info: lab8_soc.sysid_qsys_0: System ID is not assigned automatically. Edit the System ID parameter to provide a unique ID
Info: lab8_soc.sysid_qsys_0: Time stamp will be automatically updated when this component is generated.
Warning: lab8_soc.sdram_pll: sdram_pll.areset_conduit must be exported, or connected to a matching conduit.
Warning: lab8_soc.sdram_pll: sdram_pll.locked_conduit must be exported, or connected to a matching conduit.
Warning: lab8_soc.sdram_pll: sdram_pll.phasedone_conduit must be exported, or connected to a matching conduit.
Info: lab8_soc: Generating lab8_soc "lab8_soc" for QUARTUS_SYNTH
Info: Inserting clock-crossing logic between cmd_demux.src5 and cmd_mux_005.sink0
Info: Inserting clock-crossing logic between cmd_demux_001.src4 and cmd_mux_005.sink1
Info: Inserting clock-crossing logic between rsp_demux_005.src0 and rsp_mux.sink5
Info: Inserting clock-crossing logic between rsp_demux_005.src1 and rsp_mux_001.sink4
Info: address: Starting RTL generation for module 'lab8_soc_address'
Info: address:   Generation command is [exec C:/altera/15.0/quartus/bin64/perl/bin/perl.exe -I C:/altera/15.0/quartus/bin64/perl/lib -I C:/altera/15.0/quartus/sopc_builder/bin/europa -I C:/altera/15.0/quartus/sopc_builder/bin/perl_lib -I C:/altera/15.0/quartus/sopc_builder/bin -I C:/altera/15.0/quartus/../ip/altera/sopc_builder_ip/common -I C:/altera/15.0/quartus/../ip/altera/sopc_builder_ip/altera_avalon_pio -- C:/altera/15.0/quartus/../ip/altera/sopc_builder_ip/altera_avalon_pio/generate_rtl.pl --name=lab8_soc_address --dir=C:/Users/ysheng5/AppData/Local/Temp/alt6729_3392209998711575814.dir/0069_address_gen/ --quartus_dir=C:/altera/15.0/quartus --verilog --config=C:/Users/ysheng5/AppData/Local/Temp/alt6729_3392209998711575814.dir/0069_address_gen//lab8_soc_address_component_configuration.pl  --do_build_sim=0  ]
Info: address: Done RTL generation for module 'lab8_soc_address'
Info: address: "lab8_soc" instantiated altera_avalon_pio "address"
Info: chip_select: Starting RTL generation for module 'lab8_soc_chip_select'
Info: chip_select:   Generation command is [exec C:/altera/15.0/quartus/bin64/perl/bin/perl.exe -I C:/altera/15.0/quartus/bin64/perl/lib -I C:/altera/15.0/quartus/sopc_builder/bin/europa -I C:/altera/15.0/quartus/sopc_builder/bin/perl_lib -I C:/altera/15.0/quartus/sopc_builder/bin -I C:/altera/15.0/quartus/../ip/altera/sopc_builder_ip/common -I C:/altera/15.0/quartus/../ip/altera/sopc_builder_ip/altera_avalon_pio -- C:/altera/15.0/quartus/../ip/altera/sopc_builder_ip/altera_avalon_pio/generate_rtl.pl --name=lab8_soc_chip_select --dir=C:/Users/ysheng5/AppData/Local/Temp/alt6729_3392209998711575814.dir/0070_chip_select_gen/ --quartus_dir=C:/altera/15.0/quartus --verilog --config=C:/Users/ysheng5/AppData/Local/Temp/alt6729_3392209998711575814.dir/0070_chip_select_gen//lab8_soc_chip_select_component_configuration.pl  --do_build_sim=0  ]
Info: chip_select: Done RTL generation for module 'lab8_soc_chip_select'
Info: chip_select: "lab8_soc" instantiated altera_avalon_pio "chip_select"
Info: data: Starting RTL generation for module 'lab8_soc_data'
Info: data:   Generation command is [exec C:/altera/15.0/quartus/bin64/perl/bin/perl.exe -I C:/altera/15.0/quartus/bin64/perl/lib -I C:/altera/15.0/quartus/sopc_builder/bin/europa -I C:/altera/15.0/quartus/sopc_builder/bin/perl_lib -I C:/altera/15.0/quartus/sopc_builder/bin -I C:/altera/15.0/quartus/../ip/altera/sopc_builder_ip/common -I C:/altera/15.0/quartus/../ip/altera/sopc_builder_ip/altera_avalon_pio -- C:/altera/15.0/quartus/../ip/altera/sopc_builder_ip/altera_avalon_pio/generate_rtl.pl --name=lab8_soc_data --dir=C:/Users/ysheng5/AppData/Local/Temp/alt6729_3392209998711575814.dir/0071_data_gen/ --quartus_dir=C:/altera/15.0/quartus --verilog --config=C:/Users/ysheng5/AppData/Local/Temp/alt6729_3392209998711575814.dir/0071_data_gen//lab8_soc_data_component_configuration.pl  --do_build_sim=0  ]
Info: data: Done RTL generation for module 'lab8_soc_data'
Info: data: "lab8_soc" instantiated altera_avalon_pio "data"
Info: jtag_uart_0: Starting RTL generation for module 'lab8_soc_jtag_uart_0'
Info: jtag_uart_0:   Generation command is [exec C:/altera/15.0/quartus/bin64/perl/bin/perl.exe -I C:/altera/15.0/quartus/bin64/perl/lib -I C:/altera/15.0/quartus/sopc_builder/bin/europa -I C:/altera/15.0/quartus/sopc_builder/bin/perl_lib -I C:/altera/15.0/quartus/sopc_builder/bin -I C:/altera/15.0/quartus/../ip/altera/sopc_builder_ip/common -I C:/altera/15.0/quartus/../ip/altera/sopc_builder_ip/altera_avalon_jtag_uart -- C:/altera/15.0/quartus/../ip/altera/sopc_builder_ip/altera_avalon_jtag_uart/generate_rtl.pl --name=lab8_soc_jtag_uart_0 --dir=C:/Users/ysheng5/AppData/Local/Temp/alt6729_3392209998711575814.dir/0072_jtag_uart_0_gen/ --quartus_dir=C:/altera/15.0/quartus --verilog --config=C:/Users/ysheng5/AppData/Local/Temp/alt6729_3392209998711575814.dir/0072_jtag_uart_0_gen//lab8_soc_jtag_uart_0_component_configuration.pl  --do_build_sim=0  ]
Info: jtag_uart_0: Done RTL generation for module 'lab8_soc_jtag_uart_0'
Info: jtag_uart_0: "lab8_soc" instantiated altera_avalon_jtag_uart "jtag_uart_0"
Info: key_code: Starting RTL generation for module 'lab8_soc_key_code'
Info: key_code:   Generation command is [exec C:/altera/15.0/quartus/bin64/perl/bin/perl.exe -I C:/altera/15.0/quartus/bin64/perl/lib -I C:/altera/15.0/quartus/sopc_builder/bin/europa -I C:/altera/15.0/quartus/sopc_builder/bin/perl_lib -I C:/altera/15.0/quartus/sopc_builder/bin -I C:/altera/15.0/quartus/../ip/altera/sopc_builder_ip/common -I C:/altera/15.0/quartus/../ip/altera/sopc_builder_ip/altera_avalon_pio -- C:/altera/15.0/quartus/../ip/altera/sopc_builder_ip/altera_avalon_pio/generate_rtl.pl --name=lab8_soc_key_code --dir=C:/Users/ysheng5/AppData/Local/Temp/alt6729_3392209998711575814.dir/0073_key_code_gen/ --quartus_dir=C:/altera/15.0/quartus --verilog --config=C:/Users/ysheng5/AppData/Local/Temp/alt6729_3392209998711575814.dir/0073_key_code_gen//lab8_soc_key_code_component_configuration.pl  --do_build_sim=0  ]
Info: key_code: Done RTL generation for module 'lab8_soc_key_code'
Info: key_code: "lab8_soc" instantiated altera_avalon_pio "key_code"
Info: nios2_qsys_0: "lab8_soc" instantiated altera_nios2_gen2 "nios2_qsys_0"
Info: onchip_memory2_0: Starting RTL generation for module 'lab8_soc_onchip_memory2_0'
Info: onchip_memory2_0:   Generation command is [exec C:/altera/15.0/quartus/bin64/perl/bin/perl.exe -I C:/altera/15.0/quartus/bin64/perl/lib -I C:/altera/15.0/quartus/sopc_builder/bin/europa -I C:/altera/15.0/quartus/sopc_builder/bin/perl_lib -I C:/altera/15.0/quartus/sopc_builder/bin -I C:/altera/15.0/quartus/../ip/altera/sopc_builder_ip/common -I C:/altera/15.0/quartus/../ip/altera/sopc_builder_ip/altera_avalon_onchip_memory2 -- C:/altera/15.0/quartus/../ip/altera/sopc_builder_ip/altera_avalon_onchip_memory2/generate_rtl.pl --name=lab8_soc_onchip_memory2_0 --dir=C:/Users/ysheng5/AppData/Local/Temp/alt6729_3392209998711575814.dir/0074_onchip_memory2_0_gen/ --quartus_dir=C:/altera/15.0/quartus --verilog --config=C:/Users/ysheng5/AppData/Local/Temp/alt6729_3392209998711575814.dir/0074_onchip_memory2_0_gen//lab8_soc_onchip_memory2_0_component_configuration.pl  --do_build_sim=0  ]
Info: onchip_memory2_0: Done RTL generation for module 'lab8_soc_onchip_memory2_0'
Info: onchip_memory2_0: "lab8_soc" instantiated altera_avalon_onchip_memory2 "onchip_memory2_0"
Info: sdram: Starting RTL generation for module 'lab8_soc_sdram'
Info: sdram:   Generation command is [exec C:/altera/15.0/quartus/bin64/perl/bin/perl.exe -I C:/altera/15.0/quartus/bin64/perl/lib -I C:/altera/15.0/quartus/sopc_builder/bin/europa -I C:/altera/15.0/quartus/sopc_builder/bin/perl_lib -I C:/altera/15.0/quartus/sopc_builder/bin -I C:/altera/15.0/quartus/../ip/altera/sopc_builder_ip/common -I C:/altera/15.0/quartus/../ip/altera/sopc_builder_ip/altera_avalon_new_sdram_controller -- C:/altera/15.0/quartus/../ip/altera/sopc_builder_ip/altera_avalon_new_sdram_controller/generate_rtl.pl --name=lab8_soc_sdram --dir=C:/Users/ysheng5/AppData/Local/Temp/alt6729_3392209998711575814.dir/0075_sdram_gen/ --quartus_dir=C:/altera/15.0/quartus --verilog --config=C:/Users/ysheng5/AppData/Local/Temp/alt6729_3392209998711575814.dir/0075_sdram_gen//lab8_soc_sdram_component_configuration.pl  --do_build_sim=0  ]
Info: sdram: Done RTL generation for module 'lab8_soc_sdram'
Info: sdram: "lab8_soc" instantiated altera_avalon_new_sdram_controller "sdram"
Info: sdram_pll: "lab8_soc" instantiated altpll "sdram_pll"
Info: sysid_qsys_0: "lab8_soc" instantiated altera_avalon_sysid_qsys "sysid_qsys_0"
Info: avalon_st_adapter: Inserting error_adapter: error_adapter_0
Info: avalon_st_adapter_001: Inserting error_adapter: error_adapter_0
Info: avalon_st_adapter_002: Inserting error_adapter: error_adapter_0
Info: avalon_st_adapter_003: Inserting error_adapter: error_adapter_0
Info: avalon_st_adapter_004: Inserting error_adapter: error_adapter_0
Info: avalon_st_adapter_005: Inserting error_adapter: error_adapter_0
Info: avalon_st_adapter_006: Inserting error_adapter: error_adapter_0
Info: avalon_st_adapter_007: Inserting error_adapter: error_adapter_0
Info: avalon_st_adapter_008: Inserting error_adapter: error_adapter_0
Info: avalon_st_adapter_009: Inserting error_adapter: error_adapter_0
Info: avalon_st_adapter_010: Inserting error_adapter: error_adapter_0
Info: avalon_st_adapter_011: Inserting error_adapter: error_adapter_0
Info: mm_interconnect_0: "lab8_soc" instantiated altera_mm_interconnect "mm_interconnect_0"
Info: irq_mapper: "lab8_soc" instantiated altera_irq_mapper "irq_mapper"
Info: rst_controller: "lab8_soc" instantiated altera_reset_controller "rst_controller"
Info: cpu: Starting RTL generation for module 'lab8_soc_nios2_qsys_0_cpu'
Info: cpu:   Generation command is [exec C:/altera/15.0/quartus/bin64/eperlcmd.exe -I C:/altera/15.0/quartus/bin64/perl/lib -I C:/altera/15.0/quartus/sopc_builder/bin/europa -I C:/altera/15.0/quartus/sopc_builder/bin/perl_lib -I C:/altera/15.0/quartus/sopc_builder/bin -I C:/altera/15.0/quartus/../ip/altera/nios2_ip/altera_nios2_gen2/cpu_lib -I C:/altera/15.0/quartus/../ip/altera/nios2_ip/altera_nios2_gen2/nios_lib -I C:/altera/15.0/quartus/../ip/altera/nios2_ip/altera_nios2_gen2 -I C:/altera/15.0/quartus/../ip/altera/nios2_ip/altera_nios2_gen2 -- C:/altera/15.0/quartus/../ip/altera/nios2_ip/altera_nios2_gen2/generate_rtl.epl --name=lab8_soc_nios2_qsys_0_cpu --dir=C:/Users/ysheng5/AppData/Local/Temp/alt6729_3392209998711575814.dir/0081_cpu_gen/ --quartus_bindir=C:/altera/15.0/quartus/bin64 --verilog --config=C:/Users/ysheng5/AppData/Local/Temp/alt6729_3392209998711575814.dir/0081_cpu_gen//lab8_soc_nios2_qsys_0_cpu_processor_configuration.pl  --do_build_sim=0  ]
Info: cpu: # 2015.10.20 21:43:02 (*) Starting Nios II generation
Info: cpu: # 2015.10.20 21:43:02 (*)   Checking for plaintext license.
Info: cpu: # 2015.10.20 21:43:04 (*)   Couldn't query license setup in Quartus directory C:/altera/15.0/quartus/bin64
Info: cpu: # 2015.10.20 21:43:04 (*)   Defaulting to contents of LM_LICENSE_FILE environment variable
Info: cpu: # 2015.10.20 21:43:04 (*)   Plaintext license not found.
Info: cpu: # 2015.10.20 21:43:04 (*)   No license required to generate encrypted Nios II/e.
Info: cpu: # 2015.10.20 21:43:04 (*)   Elaborating CPU configuration settings
Info: cpu: # 2015.10.20 21:43:04 (*)   Creating all objects for CPU
Info: cpu: # 2015.10.20 21:43:05 (*)   Generating RTL from CPU objects
Info: cpu: # 2015.10.20 21:43:05 (*)   Creating plain-text RTL
Info: cpu: # 2015.10.20 21:43:06 (*) Done Nios II generation
Info: cpu: Done RTL generation for module 'lab8_soc_nios2_qsys_0_cpu'
Info: cpu: "nios2_qsys_0" instantiated altera_nios2_gen2_unit "cpu"
Info: nios2_qsys_0_data_master_translator: "mm_interconnect_0" instantiated altera_merlin_master_translator "nios2_qsys_0_data_master_translator"
Info: jtag_uart_0_avalon_jtag_slave_translator: "mm_interconnect_0" instantiated altera_merlin_slave_translator "jtag_uart_0_avalon_jtag_slave_translator"
Info: nios2_qsys_0_data_master_agent: "mm_interconnect_0" instantiated altera_merlin_master_agent "nios2_qsys_0_data_master_agent"
Info: jtag_uart_0_avalon_jtag_slave_agent: "mm_interconnect_0" instantiated altera_merlin_slave_agent "jtag_uart_0_avalon_jtag_slave_agent"
Info: jtag_uart_0_avalon_jtag_slave_agent_rsp_fifo: "mm_interconnect_0" instantiated altera_avalon_sc_fifo "jtag_uart_0_avalon_jtag_slave_agent_rsp_fifo"
Info: router: "mm_interconnect_0" instantiated altera_merlin_router "router"
Info: router_001: "mm_interconnect_0" instantiated altera_merlin_router "router_001"
Info: router_002: "mm_interconnect_0" instantiated altera_merlin_router "router_002"
Info: router_003: "mm_interconnect_0" instantiated altera_merlin_router "router_003"
Info: cmd_demux: "mm_interconnect_0" instantiated altera_merlin_demultiplexer "cmd_demux"
Info: cmd_demux_001: "mm_interconnect_0" instantiated altera_merlin_demultiplexer "cmd_demux_001"
Info: cmd_mux: "mm_interconnect_0" instantiated altera_merlin_multiplexer "cmd_mux"
Info: cmd_mux_001: "mm_interconnect_0" instantiated altera_merlin_multiplexer "cmd_mux_001"
Info: Reusing file U:/ECE385/lab8/synthesis/synthesis/submodules/altera_merlin_arbitrator.sv
Info: rsp_demux: "mm_interconnect_0" instantiated altera_merlin_demultiplexer "rsp_demux"
Info: rsp_demux_001: "mm_interconnect_0" instantiated altera_merlin_demultiplexer "rsp_demux_001"
Info: rsp_mux: "mm_interconnect_0" instantiated altera_merlin_multiplexer "rsp_mux"
Info: Reusing file U:/ECE385/lab8/synthesis/synthesis/submodules/altera_merlin_arbitrator.sv
Info: rsp_mux_001: "mm_interconnect_0" instantiated altera_merlin_multiplexer "rsp_mux_001"
Info: Reusing file U:/ECE385/lab8/synthesis/synthesis/submodules/altera_merlin_arbitrator.sv
Info: crosser: "mm_interconnect_0" instantiated altera_avalon_st_handshake_clock_crosser "crosser"
Info: avalon_st_adapter: "mm_interconnect_0" instantiated altera_avalon_st_adapter "avalon_st_adapter"
Info: error_adapter_0: "avalon_st_adapter" instantiated error_adapter "error_adapter_0"
Info: lab8_soc: Done "lab8_soc" with 35 modules, 50 files
Info: ip-generate succeeded.
Info: Finished: Create HDL design files for synthesis
